238 1 5
17 
33 68
40 59
6 76
45 75
46 78
27 66
84 97
28 99
11 13
15 81
21 68
55 88
13 90
21 40
45 76
33 65
19 28
58 99
45 84
21 58
22 23
14 21
65 95
79 90
11 21
15 30
6 52
46 50
55 76
13 23
28 71
11 66
14 85
21 36
13 87
75 97
17 97
11 97
65 79
15 21
68 95
71 76
14 79
27 45
13 27
23 40
19 88
11 76
30 65
23 58
58 78
33 88
84 95
23 33
11 28
78 87
59 66
78 79
76 78
46 75
21 76
52 88
46 95
76 89
55 89
17 21
33 46
22 97
68 84
6 14
50 58
33 89
52 66
79 87
27 97
46 85
27 76
30 81
11 58
14 89
78 99
23 30
52 59
23 79
33 40
50 79
81 88
17 84
75 85
59 95
22 66
13 85
66 81
27 78
71 88
46 68
52 58
6 45
78 97
23 95
6 13
95 97
15 17
58 79
28 68
65 97
85 95
42 46
58 89
11 30
6 87
88 95
30 87
21 55
33 90
14 52
81 95
71 85
13 14
19 68
17 76
85 90
15 36
78 89
22 59
66 88
17 66
65 84
11 71
19 52
19 55
68 88
50 84
40 52
19 22
30 79
88 90
14 30
11 52
42 84
17 36
46 87
17 95
50 99
76 99
14 88
42 71
75 84
58 75
13 45
27 58
79 97
15 75
28 55
59 85
13 21
33 52
13 52
30 42
79 88
14 87
15 22
17 75
55 71
22 46
85 88
88 97
28 52
6 78
50 55
17 42
50 59
14 17
17 78
17 22
40 89
55 78
22 79
50 90
68 89
19 78
13 79
21 81
17 71
28 58
15 23
17 59
14 68
14 50
22 50
15 89
22 87
28 78
36 58
33 81
27 99
75 79
55 59
36 85
81 97
11 59
52 81
50 85
33 75
22 42
84 88
33 66
50 52
40 50
42 52
14 90
46 79
30 66
13 50
14 76
42 97
21 75
13 75
81 84
22 81
95 99
30 71
28 59
66 76
45 78
11 17
17 40
6 95
11 19
14 65
88 89
22 33
13 28
58 65
17 23
66 97
27 28
65 87
